.\cloudflared.exe : 
2026-03-01T19:25:01Z INF 
Thank you for trying 
Cloudflare Tunnel. Doing so, 
without a Cloudflare 
account, is a quick way to 
experiment and try it out. 
However, be aware that these 
account-less Tunnels have no 
uptime guarantee, are 
subject to the Cloudflare 
Online Services Terms of Use 
(https://www.cloudflare.com/w
ebsite-terms/), and 
Cloudflare reserves the 
right to investigate your 
use of Tunnels for 
violations of such terms. If 
you intend to use Tunnels in 
production you should use a 
pre-created named tunnel by 
following: https://developers
.cloudflare.com/cloudflare-on
e/connections/connect-apps
At line:1 char:40
+ ... lared -Force; 
.\cloudflared.exe tunnel 
--url localhost:5000 2> 
cf.log
+                   ~~~~~~~~~
~~~~~~~~~~~~~~~~~~~~~~~~~~~~~
~~~~~~~~~~~~~~~~~
    + CategoryInfo           
   : NotSpecified: (2026-03  
  -01T19:2...ns/connect-ap   
 ps:String) [], RemoteExc    
eption
    + FullyQualifiedErrorId  
   : NativeCommandError
 
2026-03-01T19:25:01Z INF 
Requesting new quick Tunnel 
on trycloudflare.com...
2026-03-01T19:25:11Z INF +---
-----------------------------
-----------------------------
-----------------------------
--+
2026-03-01T19:25:11Z INF |  
Your quick Tunnel has been 
created! Visit it at (it may 
take some time to be 
reachable):  |
2026-03-01T19:25:11Z INF |  h
ttps://apparent-machinery-exc
luding-percentage.trycloudfla
re.com                       
  |
2026-03-01T19:25:11Z INF +---
-----------------------------
-----------------------------
-----------------------------
--+
2026-03-01T19:25:11Z INF 
Cannot determine default 
configuration path. No file 
[config.yml config.yaml] in 
[~/.cloudflared 
~/.cloudflare-warp 
~/cloudflare-warp]
2026-03-01T19:25:11Z INF 
Version 2026.2.0 (Checksum b3
279f2186a1c3c438ad5865e802bbb
ec26090c5d3fdb4ac1113f1143a94
837a)
2026-03-01T19:25:11Z INF 
GOOS: windows, GOVersion: 
go1.24.13, GoArch: amd64
2026-03-01T19:25:11Z INF 
Settings: 
map[ha-connections:1 
protocol:quic 
url:localhost:5000]
2026-03-01T19:25:11Z INF 
cloudflared will not 
automatically update on 
Windows systems.
2026-03-01T19:25:11Z INF 
Generated Connector ID: 62e00
f61-f220-46dd-a2ca-414e0656d3
c1
2026-03-01T19:25:11Z INF 
Initial protocol quic
2026-03-01T19:25:11Z INF 
ICMP proxy will use 
192.168.0.181 as source for 
IPv4
2026-03-01T19:25:11Z INF 
ICMP proxy will use 
fd01::4811:7f75:826b:232d in 
zone Wi-Fi as source for IPv6
2026-03-01T19:25:11Z INF 
cloudflared does not support 
loading the system root 
certificate pool on Windows. 
Please use --origin-ca-pool 
<PATH> to specify the path 
to the certificate pool
2026-03-01T19:25:11Z INF 
ICMP proxy will use 
192.168.0.181 as source for 
IPv4
2026-03-01T19:25:11Z INF 
Tunnel connection curve 
preferences: [X25519MLKEM768 
CurveP256] connIndex=0 
event=0 ip=198.41.200.23
2026-03-01T19:25:11Z INF 
ICMP proxy will use 
fd01::4811:7f75:826b:232d in 
zone Wi-Fi as source for IPv6
2026-03-01T19:25:11Z INF 
Starting metrics server on 
127.0.0.1:20241/metrics
2026-03-01T19:25:12Z INF 
Registered tunnel connection 
connIndex=0 connection=97cefd
39-cd6e-4585-a21c-6175fa94e99
3 event=0 ip=198.41.200.23 
location=bom10 protocol=quic
2026-03-01T19:25:32Z ERR 
failed to run the datagram 
handler error="timeout: no 
recent network activity" 
connIndex=0 event=0 
ip=198.41.200.23
2026-03-01T19:25:32Z ERR 
failed to accept incoming 
stream requests 
error="failed to accept QUIC 
stream: timeout: no recent 
network activity" 
connIndex=0 event=0 
ip=198.41.200.23
2026-03-01T19:25:32Z ERR 
failed to serve tunnel 
connection error="datagram 
manager encountered a 
failure while serving" 
connIndex=0 event=0 
ip=198.41.200.23
2026-03-01T19:25:32Z ERR 
Serve tunnel error 
error="datagram manager 
encountered a failure while 
serving" connIndex=0 event=0 
ip=198.41.200.23
2026-03-01T19:25:32Z INF 
Retrying connection in up to 
1s connIndex=0 event=0 
ip=198.41.200.23
2026-03-01T19:25:34Z INF 
Tunnel connection curve 
preferences: [X25519MLKEM768 
CurveP256] connIndex=0 
event=0 ip=198.41.200.23
2026-03-01T19:25:36Z INF 
Registered tunnel connection 
connIndex=0 connection=ed4270
de-08af-4166-92bd-5384cda2067
c event=0 ip=198.41.200.23 
location=bom10 protocol=quic
